<?xml version="1.0" encoding="UTF-8"?>
<testng-results ignored="0" total="2" passed="2" failed="0" skipped="0">
  <reporter-output>
  </reporter-output>
  <suite started-at="2023-03-08T18:42:46 IST" name="Suite" finished-at="2023-03-08T18:42:56 IST" duration-ms="10630">
    <groups>
    </groups>
    <test started-at="2023-03-08T18:42:46 IST" name="Test" finished-at="2023-03-08T18:42:56 IST" duration-ms="10630">
      <class name="com.testng.CrossBrowser">
        <test-method signature="Launch()[pri:0, instance:com.testng.CrossBrowser@2a7f1f10]" started-at="2023-03-08T18:42:46 IST" name="Launch" finished-at="2023-03-08T18:42:52 IST" duration-ms="6403" status="PASS">
          <reporter-output>
          </reporter-output>
        </test-method> <!-- Launch -->
        <test-method signature="chromeLaunch()[pri:0, instance:com.testng.CrossBrowser@2a7f1f10]" started-at="2023-03-08T18:42:52 IST" name="chromeLaunch" finished-at="2023-03-08T18:42:56 IST" duration-ms="4182" status="PASS">
          <reporter-output>
          </reporter-output>
        </test-method> <!-- chromeLaunch -->
      </class> <!-- com.testng.CrossBrowser -->
    </test> <!-- Test -->
  </suite> <!-- Suite -->
</testng-results>
