<?xml version="1.0" encoding="UTF-8"?>
<!-- Generated by org.testng.reporters.JUnitXMLReporter -->
<testsuite ignored="0" hostname="DESKTOP-I05LRQH" failures="0" tests="8" name="Default test" time="4.811" errors="0" timestamp="2023-03-07T12:31:49 IST">
  <testcase classname="com.testng.DependOnMethods" name="setProperty" time="1.265"/>
  <testcase classname="com.testng.DependOnMethods" name="launchBrowser" time="0.126"/>
  <testcase classname="com.testng.DependOnMethods" name="getURL" time="2.768"/>
  <testcase classname="com.testng.DependOnMethods" name="username" time="0.085"/>
  <testcase classname="com.testng.DependOnMethods" name="password" time="0.066"/>
  <testcase classname="com.testng.DependOnMethods" name="login" time="0.339"/>
  <testcase classname="com.testng.DependOnMethods" name="deletecache" time="0.041"/>
  <testcase classname="com.testng.DependOnMethods" name="closeBrowser" time="0.067"/>
</testsuite> <!-- Default test -->
